<?xml version="1.0" encoding="UTF-8"?>
<!-- Generated by org.testng.reporters.JUnitReportReporter -->
<testsuite skipped="0" hostname="ReadingTestVM" name="com.w3schools.testcases.FindATableRow" tests="1" failures="0" timestamp="24 Jul 2018 06:55:07 GMT" time="1.523" errors="0">
  <testcase name="VerifyTableValues" time="1.523" classname="com.w3schools.testcases.FindATableRow"/>
</testsuite> <!-- com.w3schools.testcases.FindATableRow -->
