<?xml version="1.0" encoding="UTF-8"?>
<!-- Generated by org.testng.reporters.JUnitReportReporter -->
<testsuite skipped="0" hostname="ReadingTestVM" name="com.w3schools.testcases.FindATableRow" tests="1" failures="0" timestamp="02 Aug 2018 01:58:21 GMT" time="1.142" errors="0">
  <testcase name="VerifyTableValues" time="1.142" classname="com.w3schools.testcases.FindATableRow"/>
</testsuite> <!-- com.w3schools.testcases.FindATableRow -->
