<?xml version="1.0" encoding="UTF-8"?>
<!-- Generated by org.testng.reporters.JUnitReportReporter -->
<testsuite skipped="0" hostname="ReadingTestVM" name="com.samsung.account.testcases.VerifyPasswordMismatchError" tests="1" failures="0" timestamp="02 Aug 2018 00:52:51 GMT" time="18.313" errors="0">
  <testcase name="VerifyErrorMessageAppears" time="18.313" classname="com.samsung.account.testcases.VerifyPasswordMismatchError"/>
</testsuite> <!-- com.samsung.account.testcases.VerifyPasswordMismatchError -->
