<?xml version="1.0" encoding="UTF-8"?>
<!-- Generated by org.testng.reporters.JUnitReportReporter -->
<testsuite skipped="0" hostname="ReadingTestVM" name="com.samsung.account.testcases.VerifyPasswordMismatchError" tests="1" failures="0" timestamp="24 Jul 2018 03:24:22 GMT" time="12.408" errors="0">
  <testcase name="VerifyErrorMessageAppears" time="12.408" classname="com.samsung.account.testcases.VerifyPasswordMismatchError"/>
</testsuite> <!-- com.samsung.account.testcases.VerifyPasswordMismatchError -->
