<?xml version="1.0" encoding="UTF-8"?>
<!-- Generated by org.testng.reporters.JUnitReportReporter -->
<testsuite skipped="0" hostname="ReadingTestVM" name="com.dominos.testcases.FindPizzas" tests="1" failures="0" timestamp="24 Jul 2018 04:19:00 GMT" time="5.334" errors="0">
  <testcase name="findPizzas" time="5.334" classname="com.dominos.testcases.FindPizzas"/>
</testsuite> <!-- com.dominos.testcases.FindPizzas -->
