<?xml version="1.0" encoding="UTF-8"?>
<!-- Generated by org.testng.reporters.JUnitReportReporter -->
<testsuite skipped="0" hostname="ReadingTestVM" name="com.dominos.testcases.FindPizzas" tests="1" failures="0" timestamp="02 Aug 2018 01:54:57 GMT" time="4.309" errors="0">
  <testcase name="findPizzas" time="4.309" classname="com.dominos.testcases.FindPizzas"/>
</testsuite> <!-- com.dominos.testcases.FindPizzas -->
